<?xml version="1.0" encoding="UTF-8"?>
<!-- Generated by org.testng.reporters.JUnitReportReporter -->
<testsuite hostname="LAPTOP-BTAPKMFO" failures="0" tests="1" name="TestNG.Axis.src.test.java.TestNG.DataDrivenTesting.ReadExcel" time="5.498" errors="0" timestamp="2024-02-28T10:55:37 IST" skipped="0">
  <testcase classname="TestNG.Axis.src.test.java.TestNG.DataDrivenTesting.ReadExcel" name="fblogin" time="5.498"/>
  <system-out/>
</testsuite> <!-- TestNG.Axis.src.test.java.TestNG.DataDrivenTesting.ReadExcel -->
