<?xml version="1.0" encoding="UTF-8"?>
<!-- Generated by org.testng.reporters.JUnitReportReporter -->
<testsuite hostname="LAPTOP-BTAPKMFO" failures="0" tests="1" name="TestNG.DataDrivenTesting.WriteExcel" time="6.522" errors="0" timestamp="2024-02-27T14:03:30 IST" skipped="0">
  <testcase classname="TestNG.DataDrivenTesting.WriteExcel" name="fblogin" time="6.522"/>
  <system-out/>
</testsuite> <!-- TestNG.DataDrivenTesting.WriteExcel -->
