<?xml version="1.0" encoding="UTF-8"?>
<!-- Generated by org.testng.reporters.JUnitReportReporter -->
<testsuite hostname="LAPTOP-BTAPKMFO" failures="0" tests="1" name="TestNG.DataDrivenTesting.ReadExcel" time="5.601" errors="0" timestamp="2024-02-28T11:06:43 IST" skipped="0">
  <testcase classname="TestNG.DataDrivenTesting.ReadExcel" name="fblogin" time="5.601"/>
  <system-out/>
</testsuite> <!-- TestNG.DataDrivenTesting.ReadExcel -->
