<?xml version="1.0" encoding="UTF-8"?>
<!-- Generated by org.testng.reporters.JUnitReportReporter -->
<testsuite hostname="LAPTOP-BTAPKMFO" failures="0" tests="1" name="TestNG.Axis.src.test.java.TestNG.DataDrivenTesting.WriteExcel" time="5.654" errors="0" timestamp="2024-02-28T10:56:28 IST" skipped="0">
  <testcase classname="TestNG.Axis.src.test.java.TestNG.DataDrivenTesting.WriteExcel" name="fblogin" time="5.654"/>
  <system-out/>
</testsuite> <!-- TestNG.Axis.src.test.java.TestNG.DataDrivenTesting.WriteExcel -->
