<?xml version="1.0" encoding="UTF-8"?>
<!-- Generated by org.testng.reporters.JUnitReportReporter -->
<testsuite hostname="LAPTOP-BTAPKMFO" failures="0" tests="1" name="TestNG.DataDrivenTesting.ReadExcel" time="3.237" errors="0" timestamp="2024-02-27T12:52:45 IST" skipped="0">
  <testcase classname="TestNG.DataDrivenTesting.ReadExcel" name="fblogin" time="3.237"/>
  <system-out/>
</testsuite> <!-- TestNG.DataDrivenTesting.ReadExcel -->
