<?xml version="1.0" encoding="UTF-8"?>
<!-- Generated by org.testng.reporters.JUnitReportReporter -->
<testsuite hostname="LAPTOP-BTAPKMFO" failures="0" tests="1" name="TestNG.DataDrivenTesting.WriteExcel" time="4.349" errors="0" timestamp="2024-02-28T16:17:41 IST" skipped="0">
  <testcase classname="TestNG.DataDrivenTesting.WriteExcel" name="fblogin" time="4.349"/>
  <system-out/>
</testsuite> <!-- TestNG.DataDrivenTesting.WriteExcel -->
